#
# There is insufficient memory for the Java Runtime Environment to continue.
# Native memory allocation (mmap) failed to map 65536 bytes for Failed to commit metaspace.
# Possible reasons:
#   The system is out of physical RAM or swap space
#   The process is running with CompressedOops enabled, and the Java Heap may be blocking the growth of the native heap
# Possible solutions:
#   Reduce memory load on the system
#   Increase physical memory or swap space
#   Check if swap backing store is full
#   Decrease Java heap size (-Xmx/-Xms)
#   Decrease number of Java threads
#   Decrease Java thread stack sizes (-Xss)
#   Set larger code cache with -XX:ReservedCodeCacheSize=
#   JVM is running with Unscaled Compressed Oops mode in which the Java heap is
#     placed in the first 4GB address space. The Java Heap base address is the
#     maximum limit for the native heap growth. Please use -XX:HeapBaseMinAddress
#     to set the Java Heap base and to place the Java Heap above 4GB virtual address.
# This output file may be truncated or incomplete.
#
#  Out of Memory Error (virtualSpaceNode.cpp:110), pid=28876, tid=20800
#
# JRE version: OpenJDK Runtime Environment Temurin-17.0.6+10 (17.0.6+10) (build 17.0.6+10)
# Java VM: OpenJDK 64-Bit Server VM Temurin-17.0.6+10 (17.0.6+10, mixed mode, tiered, compressed oops, compressed class ptrs, g1 gc, windows-amd64)
# No core dump will be written. Minidumps are not enabled by default on client versions of Windows
#

---------------  S U M M A R Y ------------

Command Line: -Dfile.encoding=UTF-8 --module-path=C:\Users\marely\eclipse-workspace\SistemaClientes\bin -XX:+ShowCodeDetailsInExceptionMessages -Djdk.module.main=sistemaClientes sistemaClientes/main.Main

Host: AMD Ryzen 5 4500U with Radeon Graphics         , 6 cores, 7G,  Windows 11 , 64 bit Build 22621 (10.0.22621.1835)
Time: Sun Jun 11 01:01:00 2023 Hora est. Sudamérica Pacífico elapsed time: 2221.909543 seconds (0d 0h 37m 1s)

---------------  T H R E A D  ---------------

Current thread (0x000002165299ff90):  JavaThread "main" [_thread_in_vm, id=20800, stack(0x0000006e33800000,0x0000006e33900000)]

Stack: [0x0000006e33800000,0x0000006e33900000]
Native frames: (J=compiled Java code, j=interpreted, Vv=VM code, C=native code)
V  [jvm.dll+0x67741a]
V  [jvm.dll+0x834434]
V  [jvm.dll+0x835bde]
V  [jvm.dll+0x836243]
V  [jvm.dll+0x2457b5]
V  [jvm.dll+0x8304cb]
V  [jvm.dll+0x61bca6]
V  [jvm.dll+0x61bd0a]
V  [jvm.dll+0x61e52a]
V  [jvm.dll+0x61c646]
V  [jvm.dll+0x24320c]
V  [jvm.dll+0x6cd84d]
V  [jvm.dll+0x6ce27f]
V  [jvm.dll+0x36fd73]
V  [jvm.dll+0x36fbe6]
V  [jvm.dll+0x36ef52]
V  [jvm.dll+0x36eef8]
V  [jvm.dll+0x37ed0a]
C  0x000002165d59b5a5

Java frames: (J=compiled Java code, j=interpreted, Vv=VM code)
j  java.util.IdentityHashMap$KeySet.iterator()Ljava/util/Iterator;+0 java.base@17.0.6
j  java.util.Collections$SetFromMap.iterator()Ljava/util/Iterator;+4 java.base@17.0.6
j  jdk.internal.misc.TerminatingThreadLocal.threadTerminated()V+9 java.base@17.0.6
j  java.lang.Thread.exit()V+16 java.base@17.0.6
v  ~StubRoutines::call_stub

---------------  P R O C E S S  ---------------

Threads class SMR info:
_java_thread_list=0x000002166cb9b7c0, length=12, elements={
0x000002165299ff90, 0x000002166bfc7430, 0x000002166bfc8650, 0x000002166bfb1c30,
0x000002166bfb25e0, 0x000002166bfd1e80, 0x000002166bfd2830, 0x000002166c94d0e0,
0x000002166c952b30, 0x000002166bfdb360, 0x000002166ca463d0, 0x000002166cbb31c0
}

Java Threads: ( => current thread )
=>0x000002165299ff90 JavaThread "main" [_thread_in_vm, id=20800, stack(0x0000006e33800000,0x0000006e33900000)]
  0x000002166bfc7430 JavaThread "Reference Handler" daemon [_thread_blocked, id=29872, stack(0x0000006e33f00000,0x0000006e34000000)]
  0x000002166bfc8650 JavaThread "Finalizer" daemon [_thread_blocked, id=30968, stack(0x0000006e34000000,0x0000006e34100000)]
  0x000002166bfb1c30 JavaThread "Signal Dispatcher" daemon [_thread_blocked, id=32736, stack(0x0000006e34100000,0x0000006e34200000)]
  0x000002166bfb25e0 JavaThread "Attach Listener" daemon [_thread_blocked, id=1632, stack(0x0000006e34200000,0x0000006e34300000)]
  0x000002166bfd1e80 JavaThread "Service Thread" daemon [_thread_blocked, id=27068, stack(0x0000006e34300000,0x0000006e34400000)]
  0x000002166bfd2830 JavaThread "Monitor Deflation Thread" daemon [_thread_blocked, id=31764, stack(0x0000006e34400000,0x0000006e34500000)]
  0x000002166c94d0e0 JavaThread "C2 CompilerThread0" daemon [_thread_blocked, id=32464, stack(0x0000006e34500000,0x0000006e34600000)]
  0x000002166c952b30 JavaThread "C1 CompilerThread0" daemon [_thread_blocked, id=4116, stack(0x0000006e34600000,0x0000006e34700000)]
  0x000002166bfdb360 JavaThread "Sweeper thread" daemon [_thread_blocked, id=18896, stack(0x0000006e34700000,0x0000006e34800000)]
  0x000002166ca463d0 JavaThread "Common-Cleaner" daemon [_thread_blocked, id=30816, stack(0x0000006e34800000,0x0000006e34900000)]
  0x000002166cbb31c0 JavaThread "Notification Thread" daemon [_thread_blocked, id=32756, stack(0x0000006e34900000,0x0000006e34a00000)]

Other Threads:
  0x000002166bfa3070 VMThread "VM Thread" [stack: 0x0000006e33e00000,0x0000006e33f00000] [id=23076]
  0x000002166cbb3690 WatcherThread [stack: 0x0000006e34a00000,0x0000006e34b00000] [id=26572]
  0x00000216529f6600 GCTaskThread "GC Thread#0" [stack: 0x0000006e33900000,0x0000006e33a00000] [id=31988]
  0x0000021652a06100 ConcurrentGCThread "G1 Main Marker" [stack: 0x0000006e33a00000,0x0000006e33b00000] [id=1616]
  0x0000021652a074e0 ConcurrentGCThread "G1 Conc#0" [stack: 0x0000006e33b00000,0x0000006e33c00000] [id=19780]
  0x000002166be02cd0 ConcurrentGCThread "G1 Refine#0" [stack: 0x0000006e33c00000,0x0000006e33d00000] [id=7148]
  0x0000021652a54670 ConcurrentGCThread "G1 Service" [stack: 0x0000006e33d00000,0x0000006e33e00000] [id=29912]

Threads with active compile tasks:

VM state: not at safepoint (normal execution)

VM Mutex/Monitor currently owned by a thread:  ([mutex/lock_event])
[0x000002165298a120] Metaspace_lock - owner thread: 0x000002165299ff90

Heap address: 0x000000008a200000, size: 1886 MB, Compressed Oops mode: 32-bit

CDS archive(s) not mapped
Compressed class space mapped at: 0x0000000100000000-0x0000000140000000, reserved size: 1073741824
Narrow klass base: 0x0000000000000000, Narrow klass shift: 3, Narrow klass range: 0x140000000

GC Precious Log:
 CPUs: 6 total, 6 available
 Memory: 7542M
 Large Page Support: Disabled
 NUMA Support: Disabled
 Compressed Oops: Enabled (32-bit)
 Heap Region Size: 1M
 Heap Min Capacity: 8M
 Heap Initial Capacity: 118M
 Heap Max Capacity: 1886M
 Pre-touch: Disabled
 Parallel Workers: 6
 Concurrent Workers: 2
 Concurrent Refinement Workers: 6
 Periodic GC: Disabled

Heap:
 garbage-first heap   total 120832K, used 2048K [0x000000008a200000, 0x0000000100000000)
  region size 1024K, 3 young (3072K), 0 survivors (0K)
 Metaspace       used 7561K, committed 7680K, reserved 1056768K
  class space    used 677K, committed 768K, reserved 1048576K

Heap Regions: E=young(eden), S=young(survivor), O=old, HS=humongous(starts), HC=humongous(continues), CS=collection set, F=free, OA=open archive, CA=closed archive, TAMS=top-at-mark-start (previous, next)
|   0|0x000000008a200000, 0x000000008a200000, 0x000000008a300000|  0%| F|  |TAMS 0x000000008a200000, 0x000000008a200000| Untracked 
|   1|0x000000008a300000, 0x000000008a300000, 0x000000008a400000|  0%| F|  |TAMS 0x000000008a300000, 0x000000008a300000| Untracked 
|   2|0x000000008a400000, 0x000000008a400000, 0x000000008a500000|  0%| F|  |TAMS 0x000000008a400000, 0x000000008a400000| Untracked 
|   3|0x000000008a500000, 0x000000008a500000, 0x000000008a600000|  0%| F|  |TAMS 0x000000008a500000, 0x000000008a500000| Untracked 
|   4|0x000000008a600000, 0x000000008a600000, 0x000000008a700000|  0%| F|  |TAMS 0x000000008a600000, 0x000000008a600000| Untracked 
|   5|0x000000008a700000, 0x000000008a700000, 0x000000008a800000|  0%| F|  |TAMS 0x000000008a700000, 0x000000008a700000| Untracked 
|   6|0x000000008a800000, 0x000000008a800000, 0x000000008a900000|  0%| F|  |TAMS 0x000000008a800000, 0x000000008a800000| Untracked 
|   7|0x000000008a900000, 0x000000008a900000, 0x000000008aa00000|  0%| F|  |TAMS 0x000000008a900000, 0x000000008a900000| Untracked 
|   8|0x000000008aa00000, 0x000000008aa00000, 0x000000008ab00000|  0%| F|  |TAMS 0x000000008aa00000, 0x000000008aa00000| Untracked 
|   9|0x000000008ab00000, 0x000000008ab00000, 0x000000008ac00000|  0%| F|  |TAMS 0x000000008ab00000, 0x000000008ab00000| Untracked 
|  10|0x000000008ac00000, 0x000000008ac00000, 0x000000008ad00000|  0%| F|  |TAMS 0x000000008ac00000, 0x000000008ac00000| Untracked 
|  11|0x000000008ad00000, 0x000000008ad00000, 0x000000008ae00000|  0%| F|  |TAMS 0x000000008ad00000, 0x000000008ad00000| Untracked 
|  12|0x000000008ae00000, 0x000000008ae00000, 0x000000008af00000|  0%| F|  |TAMS 0x000000008ae00000, 0x000000008ae00000| Untracked 
|  13|0x000000008af00000, 0x000000008af00000, 0x000000008b000000|  0%| F|  |TAMS 0x000000008af00000, 0x000000008af00000| Untracked 
|  14|0x000000008b000000, 0x000000008b000000, 0x000000008b100000|  0%| F|  |TAMS 0x000000008b000000, 0x000000008b000000| Untracked 
|  15|0x000000008b100000, 0x000000008b100000, 0x000000008b200000|  0%| F|  |TAMS 0x000000008b100000, 0x000000008b100000| Untracked 
|  16|0x000000008b200000, 0x000000008b200000, 0x000000008b300000|  0%| F|  |TAMS 0x000000008b200000, 0x000000008b200000| Untracked 
|  17|0x000000008b300000, 0x000000008b300000, 0x000000008b400000|  0%| F|  |TAMS 0x000000008b300000, 0x000000008b300000| Untracked 
|  18|0x000000008b400000, 0x000000008b400000, 0x000000008b500000|  0%| F|  |TAMS 0x000000008b400000, 0x000000008b400000| Untracked 
|  19|0x000000008b500000, 0x000000008b500000, 0x000000008b600000|  0%| F|  |TAMS 0x000000008b500000, 0x000000008b500000| Untracked 
|  20|0x000000008b600000, 0x000000008b600000, 0x000000008b700000|  0%| F|  |TAMS 0x000000008b600000, 0x000000008b600000| Untracked 
|  21|0x000000008b700000, 0x000000008b700000, 0x000000008b800000|  0%| F|  |TAMS 0x000000008b700000, 0x000000008b700000| Untracked 
|  22|0x000000008b800000, 0x000000008b800000, 0x000000008b900000|  0%| F|  |TAMS 0x000000008b800000, 0x000000008b800000| Untracked 
|  23|0x000000008b900000, 0x000000008b900000, 0x000000008ba00000|  0%| F|  |TAMS 0x000000008b900000, 0x000000008b900000| Untracked 
|  24|0x000000008ba00000, 0x000000008ba00000, 0x000000008bb00000|  0%| F|  |TAMS 0x000000008ba00000, 0x000000008ba00000| Untracked 
|  25|0x000000008bb00000, 0x000000008bb00000, 0x000000008bc00000|  0%| F|  |TAMS 0x000000008bb00000, 0x000000008bb00000| Untracked 
|  26|0x000000008bc00000, 0x000000008bc00000, 0x000000008bd00000|  0%| F|  |TAMS 0x000000008bc00000, 0x000000008bc00000| Untracked 
|  27|0x000000008bd00000, 0x000000008bd00000, 0x000000008be00000|  0%| F|  |TAMS 0x000000008bd00000, 0x000000008bd00000| Untracked 
|  28|0x000000008be00000, 0x000000008be00000, 0x000000008bf00000|  0%| F|  |TAMS 0x000000008be00000, 0x000000008be00000| Untracked 
|  29|0x000000008bf00000, 0x000000008bf00000, 0x000000008c000000|  0%| F|  |TAMS 0x000000008bf00000, 0x000000008bf00000| Untracked 
|  30|0x000000008c000000, 0x000000008c000000, 0x000000008c100000|  0%| F|  |TAMS 0x000000008c000000, 0x000000008c000000| Untracked 
|  31|0x000000008c100000, 0x000000008c100000, 0x000000008c200000|  0%| F|  |TAMS 0x000000008c100000, 0x000000008c100000| Untracked 
|  32|0x000000008c200000, 0x000000008c200000, 0x000000008c300000|  0%| F|  |TAMS 0x000000008c200000, 0x000000008c200000| Untracked 
|  33|0x000000008c300000, 0x000000008c300000, 0x000000008c400000|  0%| F|  |TAMS 0x000000008c300000, 0x000000008c300000| Untracked 
|  34|0x000000008c400000, 0x000000008c400000, 0x000000008c500000|  0%| F|  |TAMS 0x000000008c400000, 0x000000008c400000| Untracked 
|  35|0x000000008c500000, 0x000000008c500000, 0x000000008c600000|  0%| F|  |TAMS 0x000000008c500000, 0x000000008c500000| Untracked 
|  36|0x000000008c600000, 0x000000008c600000, 0x000000008c700000|  0%| F|  |TAMS 0x000000008c600000, 0x000000008c600000| Untracked 
|  37|0x000000008c700000, 0x000000008c700000, 0x000000008c800000|  0%| F|  |TAMS 0x000000008c700000, 0x000000008c700000| Untracked 
|  38|0x000000008c800000, 0x000000008c800000, 0x000000008c900000|  0%| F|  |TAMS 0x000000008c800000, 0x000000008c800000| Untracked 
|  39|0x000000008c900000, 0x000000008c900000, 0x000000008ca00000|  0%| F|  |TAMS 0x000000008c900000, 0x000000008c900000| Untracked 
|  40|0x000000008ca00000, 0x000000008ca00000, 0x000000008cb00000|  0%| F|  |TAMS 0x000000008ca00000, 0x000000008ca00000| Untracked 
|  41|0x000000008cb00000, 0x000000008cb00000, 0x000000008cc00000|  0%| F|  |TAMS 0x000000008cb00000, 0x000000008cb00000| Untracked 
|  42|0x000000008cc00000, 0x000000008cc00000, 0x000000008cd00000|  0%| F|  |TAMS 0x000000008cc00000, 0x000000008cc00000| Untracked 
|  43|0x000000008cd00000, 0x000000008cd00000, 0x000000008ce00000|  0%| F|  |TAMS 0x000000008cd00000, 0x000000008cd00000| Untracked 
|  44|0x000000008ce00000, 0x000000008ce00000, 0x000000008cf00000|  0%| F|  |TAMS 0x000000008ce00000, 0x000000008ce00000| Untracked 
|  45|0x000000008cf00000, 0x000000008cf00000, 0x000000008d000000|  0%| F|  |TAMS 0x000000008cf00000, 0x000000008cf00000| Untracked 
|  46|0x000000008d000000, 0x000000008d000000, 0x000000008d100000|  0%| F|  |TAMS 0x000000008d000000, 0x000000008d000000| Untracked 
|  47|0x000000008d100000, 0x000000008d100000, 0x000000008d200000|  0%| F|  |TAMS 0x000000008d100000, 0x000000008d100000| Untracked 
|  48|0x000000008d200000, 0x000000008d200000, 0x000000008d300000|  0%| F|  |TAMS 0x000000008d200000, 0x000000008d200000| Untracked 
|  49|0x000000008d300000, 0x000000008d300000, 0x000000008d400000|  0%| F|  |TAMS 0x000000008d300000, 0x000000008d300000| Untracked 
|  50|0x000000008d400000, 0x000000008d400000, 0x000000008d500000|  0%| F|  |TAMS 0x000000008d400000, 0x000000008d400000| Untracked 
|  51|0x000000008d500000, 0x000000008d500000, 0x000000008d600000|  0%| F|  |TAMS 0x000000008d500000, 0x000000008d500000| Untracked 
|  52|0x000000008d600000, 0x000000008d600000, 0x000000008d700000|  0%| F|  |TAMS 0x000000008d600000, 0x000000008d600000| Untracked 
|  53|0x000000008d700000, 0x000000008d700000, 0x000000008d800000|  0%| F|  |TAMS 0x000000008d700000, 0x000000008d700000| Untracked 
|  54|0x000000008d800000, 0x000000008d800000, 0x000000008d900000|  0%| F|  |TAMS 0x000000008d800000, 0x000000008d800000| Untracked 
|  55|0x000000008d900000, 0x000000008d900000, 0x000000008da00000|  0%| F|  |TAMS 0x000000008d900000, 0x000000008d900000| Untracked 
|  56|0x000000008da00000, 0x000000008da00000, 0x000000008db00000|  0%| F|  |TAMS 0x000000008da00000, 0x000000008da00000| Untracked 
|  57|0x000000008db00000, 0x000000008db00000, 0x000000008dc00000|  0%| F|  |TAMS 0x000000008db00000, 0x000000008db00000| Untracked 
|  58|0x000000008dc00000, 0x000000008dc00000, 0x000000008dd00000|  0%| F|  |TAMS 0x000000008dc00000, 0x000000008dc00000| Untracked 
|  59|0x000000008dd00000, 0x000000008dd00000, 0x000000008de00000|  0%| F|  |TAMS 0x000000008dd00000, 0x000000008dd00000| Untracked 
|  60|0x000000008de00000, 0x000000008de00000, 0x000000008df00000|  0%| F|  |TAMS 0x000000008de00000, 0x000000008de00000| Untracked 
|  61|0x000000008df00000, 0x000000008df00000, 0x000000008e000000|  0%| F|  |TAMS 0x000000008df00000, 0x000000008df00000| Untracked 
|  62|0x000000008e000000, 0x000000008e000000, 0x000000008e100000|  0%| F|  |TAMS 0x000000008e000000, 0x000000008e000000| Untracked 
|  63|0x000000008e100000, 0x000000008e100000, 0x000000008e200000|  0%| F|  |TAMS 0x000000008e100000, 0x000000008e100000| Untracked 
|  64|0x000000008e200000, 0x000000008e200000, 0x000000008e300000|  0%| F|  |TAMS 0x000000008e200000, 0x000000008e200000| Untracked 
|  65|0x000000008e300000, 0x000000008e300000, 0x000000008e400000|  0%| F|  |TAMS 0x000000008e300000, 0x000000008e300000| Untracked 
|  66|0x000000008e400000, 0x000000008e400000, 0x000000008e500000|  0%| F|  |TAMS 0x000000008e400000, 0x000000008e400000| Untracked 
|  67|0x000000008e500000, 0x000000008e500000, 0x000000008e600000|  0%| F|  |TAMS 0x000000008e500000, 0x000000008e500000| Untracked 
|  68|0x000000008e600000, 0x000000008e600000, 0x000000008e700000|  0%| F|  |TAMS 0x000000008e600000, 0x000000008e600000| Untracked 
|  69|0x000000008e700000, 0x000000008e700000, 0x000000008e800000|  0%| F|  |TAMS 0x000000008e700000, 0x000000008e700000| Untracked 
|  70|0x000000008e800000, 0x000000008e800000, 0x000000008e900000|  0%| F|  |TAMS 0x000000008e800000, 0x000000008e800000| Untracked 
|  71|0x000000008e900000, 0x000000008e900000, 0x000000008ea00000|  0%| F|  |TAMS 0x000000008e900000, 0x000000008e900000| Untracked 
|  72|0x000000008ea00000, 0x000000008ea00000, 0x000000008eb00000|  0%| F|  |TAMS 0x000000008ea00000, 0x000000008ea00000| Untracked 
|  73|0x000000008eb00000, 0x000000008eb00000, 0x000000008ec00000|  0%| F|  |TAMS 0x000000008eb00000, 0x000000008eb00000| Untracked 
|  74|0x000000008ec00000, 0x000000008ec00000, 0x000000008ed00000|  0%| F|  |TAMS 0x000000008ec00000, 0x000000008ec00000| Untracked 
|  75|0x000000008ed00000, 0x000000008ed00000, 0x000000008ee00000|  0%| F|  |TAMS 0x000000008ed00000, 0x000000008ed00000| Untracked 
|  76|0x000000008ee00000, 0x000000008ee00000, 0x000000008ef00000|  0%| F|  |TAMS 0x000000008ee00000, 0x000000008ee00000| Untracked 
|  77|0x000000008ef00000, 0x000000008ef00000, 0x000000008f000000|  0%| F|  |TAMS 0x000000008ef00000, 0x000000008ef00000| Untracked 
|  78|0x000000008f000000, 0x000000008f000000, 0x000000008f100000|  0%| F|  |TAMS 0x000000008f000000, 0x000000008f000000| Untracked 
|  79|0x000000008f100000, 0x000000008f100000, 0x000000008f200000|  0%| F|  |TAMS 0x000000008f100000, 0x000000008f100000| Untracked 
|  80|0x000000008f200000, 0x000000008f200000, 0x000000008f300000|  0%| F|  |TAMS 0x000000008f200000, 0x000000008f200000| Untracked 
|  81|0x000000008f300000, 0x000000008f300000, 0x000000008f400000|  0%| F|  |TAMS 0x000000008f300000, 0x000000008f300000| Untracked 
|  82|0x000000008f400000, 0x000000008f400000, 0x000000008f500000|  0%| F|  |TAMS 0x000000008f400000, 0x000000008f400000| Untracked 
|  83|0x000000008f500000, 0x000000008f500000, 0x000000008f600000|  0%| F|  |TAMS 0x000000008f500000, 0x000000008f500000| Untracked 
|  84|0x000000008f600000, 0x000000008f600000, 0x000000008f700000|  0%| F|  |TAMS 0x000000008f600000, 0x000000008f600000| Untracked 
|  85|0x000000008f700000, 0x000000008f700000, 0x000000008f800000|  0%| F|  |TAMS 0x000000008f700000, 0x000000008f700000| Untracked 
|  86|0x000000008f800000, 0x000000008f800000, 0x000000008f900000|  0%| F|  |TAMS 0x000000008f800000, 0x000000008f800000| Untracked 
|  87|0x000000008f900000, 0x000000008f900000, 0x000000008fa00000|  0%| F|  |TAMS 0x000000008f900000, 0x000000008f900000| Untracked 
|  88|0x000000008fa00000, 0x000000008fa00000, 0x000000008fb00000|  0%| F|  |TAMS 0x000000008fa00000, 0x000000008fa00000| Untracked 
|  89|0x000000008fb00000, 0x000000008fb00000, 0x000000008fc00000|  0%| F|  |TAMS 0x000000008fb00000, 0x000000008fb00000| Untracked 
|  90|0x000000008fc00000, 0x000000008fc00000, 0x000000008fd00000|  0%| F|  |TAMS 0x000000008fc00000, 0x000000008fc00000| Untracked 
|  91|0x000000008fd00000, 0x000000008fd00000, 0x000000008fe00000|  0%| F|  |TAMS 0x000000008fd00000, 0x000000008fd00000| Untracked 
|  92|0x000000008fe00000, 0x000000008fe00000, 0x000000008ff00000|  0%| F|  |TAMS 0x000000008fe00000, 0x000000008fe00000| Untracked 
|  93|0x000000008ff00000, 0x000000008ff00000, 0x0000000090000000|  0%| F|  |TAMS 0x000000008ff00000, 0x000000008ff00000| Untracked 
|  94|0x0000000090000000, 0x0000000090000000, 0x0000000090100000|  0%| F|  |TAMS 0x0000000090000000, 0x0000000090000000| Untracked 
|  95|0x0000000090100000, 0x0000000090100000, 0x0000000090200000|  0%| F|  |TAMS 0x0000000090100000, 0x0000000090100000| Untracked 
|  96|0x0000000090200000, 0x0000000090200000, 0x0000000090300000|  0%| F|  |TAMS 0x0000000090200000, 0x0000000090200000| Untracked 
|  97|0x0000000090300000, 0x0000000090300000, 0x0000000090400000|  0%| F|  |TAMS 0x0000000090300000, 0x0000000090300000| Untracked 
|  98|0x0000000090400000, 0x0000000090400000, 0x0000000090500000|  0%| F|  |TAMS 0x0000000090400000, 0x0000000090400000| Untracked 
|  99|0x0000000090500000, 0x0000000090500000, 0x0000000090600000|  0%| F|  |TAMS 0x0000000090500000, 0x0000000090500000| Untracked 
| 100|0x0000000090600000, 0x0000000090600000, 0x0000000090700000|  0%| F|  |TAMS 0x0000000090600000, 0x0000000090600000| Untracked 
| 101|0x0000000090700000, 0x0000000090700000, 0x0000000090800000|  0%| F|  |TAMS 0x0000000090700000, 0x0000000090700000| Untracked 
| 102|0x0000000090800000, 0x0000000090800000, 0x0000000090900000|  0%| F|  |TAMS 0x0000000090800000, 0x0000000090800000| Untracked 
| 103|0x0000000090900000, 0x0000000090900000, 0x0000000090a00000|  0%| F|  |TAMS 0x0000000090900000, 0x0000000090900000| Untracked 
| 104|0x0000000090a00000, 0x0000000090a00000, 0x0000000090b00000|  0%| F|  |TAMS 0x0000000090a00000, 0x0000000090a00000| Untracked 
| 105|0x0000000090b00000, 0x0000000090b00000, 0x0000000090c00000|  0%| F|  |TAMS 0x0000000090b00000, 0x0000000090b00000| Untracked 
| 106|0x0000000090c00000, 0x0000000090c00000, 0x0000000090d00000|  0%| F|  |TAMS 0x0000000090c00000, 0x0000000090c00000| Untracked 
| 107|0x0000000090d00000, 0x0000000090d00000, 0x0000000090e00000|  0%| F|  |TAMS 0x0000000090d00000, 0x0000000090d00000| Untracked 
| 108|0x0000000090e00000, 0x0000000090e00000, 0x0000000090f00000|  0%| F|  |TAMS 0x0000000090e00000, 0x0000000090e00000| Untracked 
| 109|0x0000000090f00000, 0x0000000090f00000, 0x0000000091000000|  0%| F|  |TAMS 0x0000000090f00000, 0x0000000090f00000| Untracked 
| 110|0x0000000091000000, 0x0000000091000000, 0x0000000091100000|  0%| F|  |TAMS 0x0000000091000000, 0x0000000091000000| Untracked 
| 111|0x0000000091100000, 0x0000000091100000, 0x0000000091200000|  0%| F|  |TAMS 0x0000000091100000, 0x0000000091100000| Untracked 
| 112|0x0000000091200000, 0x0000000091200000, 0x0000000091300000|  0%| F|  |TAMS 0x0000000091200000, 0x0000000091200000| Untracked 
| 113|0x0000000091300000, 0x0000000091300000, 0x0000000091400000|  0%| F|  |TAMS 0x0000000091300000, 0x0000000091300000| Untracked 
| 114|0x0000000091400000, 0x0000000091400000, 0x0000000091500000|  0%| F|  |TAMS 0x0000000091400000, 0x0000000091400000| Untracked 
| 115|0x0000000091500000, 0x00000000915d9430, 0x0000000091600000| 84%| E|  |TAMS 0x0000000091500000, 0x0000000091500000| Complete 
| 116|0x0000000091600000, 0x0000000091700000, 0x0000000091700000|100%| E|CS|TAMS 0x0000000091600000, 0x0000000091600000| Complete 
| 117|0x0000000091700000, 0x0000000091800000, 0x0000000091800000|100%| E|CS|TAMS 0x0000000091700000, 0x0000000091700000| Complete 

Card table byte_map: [0x0000021665510000,0x00000216658c0000] _byte_map_base: 0x00000216650bf000

Marking Bits (Prev, Next): (CMBitMap*) 0x00000216529f6c10, (CMBitMap*) 0x00000216529f6c50
 Prev Bits: [0x0000021665c70000, 0x00000216679e8000)
 Next Bits: [0x00000216679f0000, 0x0000021669768000)

Polling page: 0x0000021650970000

Metaspace:

Usage:
  Non-class:      6.72 MB used.
      Class:    677.17 KB used.
       Both:      7.38 MB used.

Virtual space:
  Non-class space:        8.00 MB reserved,       6.75 MB ( 84%) committed,  1 nodes.
      Class space:        1.00 GB reserved,     768.00 KB ( <1%) committed,  1 nodes.
             Both:        1.01 GB reserved,       7.50 MB ( <1%) committed. 

Chunk freelists:
   Non-Class:  974.00 KB
       Class:  3.24 MB
        Both:  4.19 MB

MaxMetaspaceSize: unlimited
CompressedClassSpaceSize: 1.00 GB
Initial GC threshold: 21.00 MB
Current GC threshold: 21.00 MB
CDS: off
MetaspaceReclaimPolicy: balanced
 - commit_granule_bytes: 65536.
 - commit_granule_words: 8192.
 - virtual_space_node_default_size: 1048576.
 - enlarge_chunks_in_place: 1.
 - new_chunks_are_fully_committed: 0.
 - uncommit_free_chunks: 1.
 - use_allocation_guard: 0.
 - handle_deallocations: 1.


Internal statistics:

num_allocs_failed_limit: 0.
num_arena_births: 14.
num_arena_deaths: 0.
num_vsnodes_births: 2.
num_vsnodes_deaths: 0.
num_space_committed: 120.
num_space_uncommitted: 0.
num_chunks_returned_to_freelist: 0.
num_chunks_taken_from_freelist: 36.
num_chunk_merges: 0.
num_chunk_splits: 17.
num_chunks_enlarged: 12.
num_purges: 0.
num_inconsistent_stats: 0.

CodeHeap 'non-profiled nmethods': size=120000Kb used=76Kb max_used=76Kb free=119923Kb
 bounds [0x000002165db20000, 0x000002165dd90000, 0x0000021665050000]
CodeHeap 'profiled nmethods': size=120000Kb used=340Kb max_used=340Kb free=119659Kb
 bounds [0x0000021656050000, 0x00000216562c0000, 0x000002165d580000]
CodeHeap 'non-nmethods': size=5760Kb used=1115Kb max_used=1127Kb free=4644Kb
 bounds [0x000002165d580000, 0x000002165d7f0000, 0x000002165db20000]
 total_blobs=664 nmethods=268 adapters=309
 compilation: enabled
              stopped_count=0, restarted_count=0
 full_count=0

Compilation events (20 events):
Event: 0.312 Thread 0x000002166c952b30  256       3       java.util.regex.Pattern::peek (26 bytes)
Event: 0.312 Thread 0x000002166c952b30 nmethod 256 0x00000216560a1a90 code [0x00000216560a1c40, 0x00000216560a1ea8]
Event: 0.312 Thread 0x000002166c952b30  257       3       java.util.regex.Pattern::next (33 bytes)
Event: 0.313 Thread 0x000002166c952b30 nmethod 257 0x00000216560a2010 code [0x00000216560a21c0, 0x00000216560a2428]
Event: 0.313 Thread 0x000002166c952b30  258       3       java.util.regex.Pattern::read (33 bytes)
Event: 0.313 Thread 0x000002166c952b30 nmethod 258 0x00000216560a2590 code [0x00000216560a2740, 0x00000216560a29a8]
Event: 3.248 Thread 0x000002166c952b30  259       3       java.util.Arrays::equals (57 bytes)
Event: 3.248 Thread 0x000002166c952b30 nmethod 259 0x00000216560a2b10 code [0x00000216560a2d00, 0x00000216560a32c8]
Event: 3.249 Thread 0x000002166c952b30  261       1       java.nio.Buffer::position (5 bytes)
Event: 3.249 Thread 0x000002166c952b30 nmethod 261 0x000002165db32690 code [0x000002165db32820, 0x000002165db328f8]
Event: 3.249 Thread 0x000002166c952b30  263       3       java.lang.invoke.MemberName::isConstructor (8 bytes)
Event: 3.250 Thread 0x000002166c952b30 nmethod 263 0x00000216560a3490 code [0x00000216560a3640, 0x00000216560a3878]
Event: 3.250 Thread 0x000002166c952b30  264       3       java.util.ArrayList::add (25 bytes)
Event: 3.250 Thread 0x000002166c952b30 nmethod 264 0x00000216560a3990 code [0x00000216560a3b60, 0x00000216560a3f88]
Event: 3.250 Thread 0x000002166c952b30  265       3       jdk.internal.org.objectweb.asm.ByteVector::put122 (93 bytes)
Event: 3.250 Thread 0x000002166c952b30 nmethod 265 0x00000216560a4190 code [0x00000216560a4340, 0x00000216560a45c8]
Event: 22.802 Thread 0x000002166c952b30  267       3       java.nio.Buffer::position (52 bytes)
Event: 22.802 Thread 0x000002166c952b30 nmethod 267 0x00000216560a4790 code [0x00000216560a4940, 0x00000216560a4bc8]
Event: 2221.783 Thread 0x000002166c952b30  268       3       java.lang.StringLatin1::inflate (34 bytes)
Event: 2221.784 Thread 0x000002166c952b30 nmethod 268 0x00000216560a4c90 code [0x00000216560a4e40, 0x00000216560a5058]

GC Heap History (0 events):
No events

Dll operation events (5 events):
Event: 0.006 Loaded shared library C:\Users\marely\.p2\pool\plugins\org.eclipse.justj.openjdk.hotspot.jre.full.win32.x86_64_17.0.6.v20230204-1729\jre\bin\java.dll
Event: 0.222 Loaded shared library C:\Users\marely\.p2\pool\plugins\org.eclipse.justj.openjdk.hotspot.jre.full.win32.x86_64_17.0.6.v20230204-1729\jre\bin\net.dll
Event: 0.223 Loaded shared library C:\Users\marely\.p2\pool\plugins\org.eclipse.justj.openjdk.hotspot.jre.full.win32.x86_64_17.0.6.v20230204-1729\jre\bin\nio.dll
Event: 0.287 Loaded shared library C:\Users\marely\.p2\pool\plugins\org.eclipse.justj.openjdk.hotspot.jre.full.win32.x86_64_17.0.6.v20230204-1729\jre\bin\jimage.dll
Event: 0.290 Loaded shared library C:\Users\marely\.p2\pool\plugins\org.eclipse.justj.openjdk.hotspot.jre.full.win32.x86_64_17.0.6.v20230204-1729\jre\bin\zip.dll

Deoptimization events (8 events):
Event: 0.265 Thread 0x000002165299ff90 Uncommon trap: trap_request=0xffffff45 fr.pc=0x000002165db272dc relative=0x000000000000005c
Event: 0.265 Thread 0x000002165299ff90 Uncommon trap: reason=unstable_if action=reinterpret pc=0x000002165db272dc method=java.lang.String.isLatin1()Z @ 10 c2
Event: 0.265 Thread 0x000002165299ff90 DEOPT PACKING pc=0x000002165db272dc sp=0x0000006e338fe400
Event: 0.265 Thread 0x000002165299ff90 DEOPT UNPACKING pc=0x000002165d5d69a3 sp=0x0000006e338fe390 mode 2
Event: 0.265 Thread 0x000002165299ff90 Uncommon trap: trap_request=0xffffff45 fr.pc=0x000002165db28974 relative=0x0000000000000074
Event: 0.265 Thread 0x000002165299ff90 Uncommon trap: reason=unstable_if action=reinterpret pc=0x000002165db28974 method=java.lang.String.isLatin1()Z @ 10 c2
Event: 0.265 Thread 0x000002165299ff90 DEOPT PACKING pc=0x000002165db28974 sp=0x0000006e338fee00
Event: 0.265 Thread 0x000002165299ff90 DEOPT UNPACKING pc=0x000002165d5d69a3 sp=0x0000006e338fed40 mode 2

Classes unloaded (0 events):
No events

Classes redefined (0 events):
No events

Internal exceptions (19 events):
Event: 0.235 Thread 0x000002165299ff90 Exception <a 'java/lang/NoSuchMethodError'{0x0000000091618148}: 'void java.lang.invoke.DirectMethodHandle$Holder.invokeVirtual(java.lang.Object, java.lang.Object)'> (0x0000000091618148) 
thrown [s\src\hotspot\share\interpreter\linkResolver.cpp, line 759]
Event: 3.249 Thread 0x000002165299ff90 Exception <a 'java/lang/NoSuchMethodError'{0x0000000091597140}: 'void java.lang.invoke.DirectMethodHandle$Holder.invokeStatic(java.lang.Object, java.lang.Object)'> (0x0000000091597140) 
thrown [s\src\hotspot\share\interpreter\linkResolver.cpp, line 759]
Event: 2221.781 Thread 0x000002165299ff90 Exception <a 'java/io/IOException'{0x00000000915a1a98}> (0x00000000915a1a98) 
thrown [s\src\hotspot\share\prims\jni.cpp, line 516]
Event: 2221.782 Thread 0x000002165299ff90 Exception <a 'java/io/IOException'{0x00000000915a2128}> (0x00000000915a2128) 
thrown [s\src\hotspot\share\prims\jni.cpp, line 516]
Event: 2221.782 Thread 0x000002165299ff90 Exception <a 'java/io/IOException'{0x00000000915a2440}> (0x00000000915a2440) 
thrown [s\src\hotspot\share\prims\jni.cpp, line 516]
Event: 2221.783 Thread 0x000002165299ff90 Exception <a 'java/io/IOException'{0x00000000915a3b48}> (0x00000000915a3b48) 
thrown [s\src\hotspot\share\prims\jni.cpp, line 516]
Event: 2221.783 Thread 0x000002165299ff90 Exception <a 'java/io/IOException'{0x00000000915a3e60}> (0x00000000915a3e60) 
thrown [s\src\hotspot\share\prims\jni.cpp, line 516]
Event: 2221.783 Thread 0x000002165299ff90 Exception <a 'java/io/IOException'{0x00000000915a4590}> (0x00000000915a4590) 
thrown [s\src\hotspot\share\prims\jni.cpp, line 516]
Event: 2221.783 Thread 0x000002165299ff90 Exception <a 'java/io/IOException'{0x00000000915a48a8}> (0x00000000915a48a8) 
thrown [s\src\hotspot\share\prims\jni.cpp, line 516]
Event: 2221.783 Thread 0x000002165299ff90 Exception <a 'java/io/IOException'{0x00000000915a4fe8}> (0x00000000915a4fe8) 
thrown [s\src\hotspot\share\prims\jni.cpp, line 516]
Event: 2221.783 Thread 0x000002165299ff90 Exception <a 'java/io/IOException'{0x00000000915a5300}> (0x00000000915a5300) 
thrown [s\src\hotspot\share\prims\jni.cpp, line 516]
Event: 2221.783 Thread 0x000002165299ff90 Exception <a 'java/io/IOException'{0x00000000915a5a40}> (0x00000000915a5a40) 
thrown [s\src\hotspot\share\prims\jni.cpp, line 516]
Event: 2221.783 Thread 0x000002165299ff90 Exception <a 'java/io/IOException'{0x00000000915a5d58}> (0x00000000915a5d58) 
thrown [s\src\hotspot\share\prims\jni.cpp, line 516]
Event: 2221.783 Thread 0x000002165299ff90 Exception <a 'java/io/IOException'{0x00000000915a6448}> (0x00000000915a6448) 
thrown [s\src\hotspot\share\prims\jni.cpp, line 516]
Event: 2221.783 Thread 0x000002165299ff90 Exception <a 'java/io/IOException'{0x00000000915a6760}> (0x00000000915a6760) 
thrown [s\src\hotspot\share\prims\jni.cpp, line 516]
Event: 2221.783 Thread 0x000002165299ff90 Exception <a 'java/io/IOException'{0x00000000915a6e60}> (0x00000000915a6e60) 
thrown [s\src\hotspot\share\prims\jni.cpp, line 516]
Event: 2221.784 Thread 0x000002165299ff90 Exception <a 'java/io/IOException'{0x00000000915a7178}> (0x00000000915a7178) 
thrown [s\src\hotspot\share\prims\jni.cpp, line 516]
Event: 2221.784 Thread 0x000002165299ff90 Exception <a 'java/io/IOException'{0x00000000915a7850}> (0x00000000915a7850) 
thrown [s\src\hotspot\share\prims\jni.cpp, line 516]
Event: 2221.784 Thread 0x000002165299ff90 Exception <a 'java/io/IOException'{0x00000000915a7b68}> (0x00000000915a7b68) 
thrown [s\src\hotspot\share\prims\jni.cpp, line 516]

VM Operations (6 events):
Event: 0.253 Executing VM operation: HandshakeAllThreads
Event: 0.253 Executing VM operation: HandshakeAllThreads done
Event: 1.266 Executing VM operation: Cleanup
Event: 1.266 Executing VM operation: Cleanup done
Event: 3.289 Executing VM operation: Cleanup
Event: 3.289 Executing VM operation: Cleanup done

Events (20 events):
Event: 3.249 loading class java/nio/channels/spi/AbstractInterruptibleChannel$1
Event: 3.249 loading class sun/nio/ch/Interruptible
Event: 3.249 loading class sun/nio/ch/Interruptible done
Event: 3.249 loading class java/nio/channels/spi/AbstractInterruptibleChannel$1 done
Event: 3.249 loading class java/io/FileInputStream$1
Event: 3.249 loading class java/io/FileInputStream$1 done
Event: 2221.778 loading class java/lang/NumberFormatException
Event: 2221.780 loading class java/lang/NumberFormatException done
Event: 2221.781 loading class java/io/InterruptedIOException
Event: 2221.781 loading class java/io/InterruptedIOException done
Event: 2221.781 loading class java/lang/Throwable$WrappedPrintStream
Event: 2221.781 loading class java/lang/Throwable$PrintStreamOrWriter
Event: 2221.781 loading class java/lang/Throwable$PrintStreamOrWriter done
Event: 2221.781 loading class java/lang/Throwable$WrappedPrintStream done
Event: 2221.782 loading class java/lang/StackTraceElement$HashedModules
Event: 2221.782 loading class java/lang/StackTraceElement$HashedModules done
Event: 2221.784 loading class java/util/IdentityHashMap$KeyIterator
Event: 2221.784 loading class java/util/IdentityHashMap$IdentityHashMapIterator
Event: 2221.784 loading class java/util/IdentityHashMap$IdentityHashMapIterator done
Event: 2221.785 loading class java/util/IdentityHashMap$KeyIterator done


Dynamic libraries:
0x00007ff718390000 - 0x00007ff71839e000 	C:\Users\marely\.p2\pool\plugins\org.eclipse.justj.openjdk.hotspot.jre.full.win32.x86_64_17.0.6.v20230204-1729\jre\bin\javaw.exe
0x00007fff311b0000 - 0x00007fff313c4000 	C:\WINDOWS\SYSTEM32\ntdll.dll
0x00007fff00530000 - 0x00007fff00549000 	C:\Program Files\Avast Software\Avast\aswhook.dll
0x00007fff2f8c0000 - 0x00007fff2f982000 	C:\WINDOWS\System32\KERNEL32.DLL
0x00007fff2e6c0000 - 0x00007fff2ea63000 	C:\WINDOWS\System32\KERNELBASE.dll
0x00007fff2ed00000 - 0x00007fff2ee11000 	C:\WINDOWS\System32\ucrtbase.dll
0x00007fff20460000 - 0x00007fff20479000 	C:\Users\marely\.p2\pool\plugins\org.eclipse.justj.openjdk.hotspot.jre.full.win32.x86_64_17.0.6.v20230204-1729\jre\bin\VCRUNTIME140.dll
0x00007fff25e80000 - 0x00007fff25e97000 	C:\Users\marely\.p2\pool\plugins\org.eclipse.justj.openjdk.hotspot.jre.full.win32.x86_64_17.0.6.v20230204-1729\jre\bin\jli.dll
0x00007fff30e20000 - 0x00007fff30fcb000 	C:\WINDOWS\System32\USER32.dll
0x00007fff2ea70000 - 0x00007fff2ea96000 	C:\WINDOWS\System32\win32u.dll
0x00007fff1c6b0000 - 0x00007fff1c93e000 	C:\WINDOWS\WinSxS\amd64_microsoft.windows.common-controls_6595b64144ccf1df_6.0.22621.1465_none_271271ab738361f1\COMCTL32.dll
0x00007fff31140000 - 0x00007fff31169000 	C:\WINDOWS\System32\GDI32.dll
0x00007fff30d70000 - 0x00007fff30e17000 	C:\WINDOWS\System32\msvcrt.dll
0x00007fff2eb60000 - 0x00007fff2ec79000 	C:\WINDOWS\System32\gdi32full.dll
0x00007fff2e620000 - 0x00007fff2e6ba000 	C:\WINDOWS\System32\msvcp_win.dll
0x00007fff2fce0000 - 0x00007fff2fd11000 	C:\WINDOWS\System32\IMM32.DLL
0x00007fff28940000 - 0x00007fff2894c000 	C:\Users\marely\.p2\pool\plugins\org.eclipse.justj.openjdk.hotspot.jre.full.win32.x86_64_17.0.6.v20230204-1729\jre\bin\vcruntime140_1.dll
0x00007fff1a450000 - 0x00007fff1a4e1000 	C:\Users\marely\.p2\pool\plugins\org.eclipse.justj.openjdk.hotspot.jre.full.win32.x86_64_17.0.6.v20230204-1729\jre\bin\msvcp140.dll
0x00007ffed8510000 - 0x00007ffed9157000 	C:\Users\marely\.p2\pool\plugins\org.eclipse.justj.openjdk.hotspot.jre.full.win32.x86_64_17.0.6.v20230204-1729\jre\bin\server\jvm.dll
0x00007fff2fb80000 - 0x00007fff2fc2e000 	C:\WINDOWS\System32\ADVAPI32.dll
0x00007fff30220000 - 0x00007fff302c4000 	C:\WINDOWS\System32\sechost.dll
0x00007fff31020000 - 0x00007fff31137000 	C:\WINDOWS\System32\RPCRT4.dll
0x00007fff227a0000 - 0x00007fff227a9000 	C:\WINDOWS\SYSTEM32\WSOCK32.dll
0x00007fff30450000 - 0x00007fff304c1000 	C:\WINDOWS\System32\WS2_32.dll
0x00007fff27640000 - 0x00007fff27674000 	C:\WINDOWS\SYSTEM32\WINMM.dll
0x00007fff25d60000 - 0x00007fff25d6a000 	C:\WINDOWS\SYSTEM32\VERSION.dll
0x00007fff2d5e0000 - 0x00007fff2d5f8000 	C:\WINDOWS\SYSTEM32\kernel.appcore.dll
0x00007fff249f0000 - 0x00007fff249fa000 	C:\Users\marely\.p2\pool\plugins\org.eclipse.justj.openjdk.hotspot.jre.full.win32.x86_64_17.0.6.v20230204-1729\jre\bin\jimage.dll
0x00007fff2c1a0000 - 0x00007fff2c3ce000 	C:\WINDOWS\SYSTEM32\DBGHELP.DLL
0x00007fff309e0000 - 0x00007fff30d69000 	C:\WINDOWS\System32\combase.dll
0x00007fff2faa0000 - 0x00007fff2fb77000 	C:\WINDOWS\System32\OLEAUT32.dll
0x00007fff25770000 - 0x00007fff257a2000 	C:\WINDOWS\SYSTEM32\dbgcore.DLL
0x00007fff2ec80000 - 0x00007fff2ecfb000 	C:\WINDOWS\System32\bcryptPrimitives.dll
0x00007fff1a3e0000 - 0x00007fff1a405000 	C:\Users\marely\.p2\pool\plugins\org.eclipse.justj.openjdk.hotspot.jre.full.win32.x86_64_17.0.6.v20230204-1729\jre\bin\java.dll
0x00007fff1a430000 - 0x00007fff1a448000 	C:\Users\marely\.p2\pool\plugins\org.eclipse.justj.openjdk.hotspot.jre.full.win32.x86_64_17.0.6.v20230204-1729\jre\bin\zip.dll
0x00007fff2f0c0000 - 0x00007fff2f8ba000 	C:\WINDOWS\System32\SHELL32.dll
0x00007fff2c530000 - 0x00007fff2cdfe000 	C:\WINDOWS\SYSTEM32\windows.storage.dll
0x00007fff2c3f0000 - 0x00007fff2c52e000 	C:\WINDOWS\SYSTEM32\wintypes.dll
0x00007fff2ef90000 - 0x00007fff2f081000 	C:\WINDOWS\System32\SHCORE.dll
0x00007fff2fef0000 - 0x00007fff2ff4e000 	C:\WINDOWS\System32\shlwapi.dll
0x00007fff2e4e0000 - 0x00007fff2e501000 	C:\WINDOWS\SYSTEM32\profapi.dll
0x00007fff1a3c0000 - 0x00007fff1a3d9000 	C:\Users\marely\.p2\pool\plugins\org.eclipse.justj.openjdk.hotspot.jre.full.win32.x86_64_17.0.6.v20230204-1729\jre\bin\net.dll
0x00007fff27330000 - 0x00007fff27467000 	C:\WINDOWS\SYSTEM32\WINHTTP.dll
0x00007fff2da70000 - 0x00007fff2dad9000 	C:\WINDOWS\system32\mswsock.dll
0x00007fff1a3a0000 - 0x00007fff1a3b5000 	C:\Users\marely\.p2\pool\plugins\org.eclipse.justj.openjdk.hotspot.jre.full.win32.x86_64_17.0.6.v20230204-1729\jre\bin\nio.dll

dbghelp: loaded successfully - version: 4.0.5 - missing functions: none
symbol engine: initialized successfully - sym options: 0x614 - pdb path: .;C:\Users\marely\.p2\pool\plugins\org.eclipse.justj.openjdk.hotspot.jre.full.win32.x86_64_17.0.6.v20230204-1729\jre\bin;C:\WINDOWS\SYSTEM32;C:\Program Files\Avast Software\Avast;C:\WINDOWS\WinSxS\amd64_microsoft.windows.common-controls_6595b64144ccf1df_6.0.22621.1465_none_271271ab738361f1;C:\Users\marely\.p2\pool\plugins\org.eclipse.justj.openjdk.hotspot.jre.full.win32.x86_64_17.0.6.v20230204-1729\jre\bin\server

VM Arguments:
jvm_args: -Dfile.encoding=UTF-8 --module-path=C:\Users\marely\eclipse-workspace\SistemaClientes\bin -XX:+ShowCodeDetailsInExceptionMessages -Djdk.module.main=sistemaClientes 
java_command: sistemaClientes/main.Main
java_class_path (initial): <not set>
Launcher Type: SUN_STANDARD

[Global flags]
     intx CICompilerCount                          = 3                                         {product} {ergonomic}
     uint ConcGCThreads                            = 2                                         {product} {ergonomic}
     uint G1ConcRefinementThreads                  = 6                                         {product} {ergonomic}
   size_t G1HeapRegionSize                         = 1048576                                   {product} {ergonomic}
    uintx GCDrainStackTargetSize                   = 64                                        {product} {ergonomic}
   size_t InitialHeapSize                          = 123731968                                 {product} {ergonomic}
   size_t MarkStackSize                            = 4194304                                   {product} {ergonomic}
   size_t MaxHeapSize                              = 1977614336                                {product} {ergonomic}
   size_t MaxNewSize                               = 1185939456                                {product} {ergonomic}
   size_t MinHeapDeltaBytes                        = 1048576                                   {product} {ergonomic}
   size_t MinHeapSize                              = 8388608                                   {product} {ergonomic}
    uintx NonNMethodCodeHeapSize                   = 5832780                                {pd product} {ergonomic}
    uintx NonProfiledCodeHeapSize                  = 122912730                              {pd product} {ergonomic}
    uintx ProfiledCodeHeapSize                     = 122912730                              {pd product} {ergonomic}
    uintx ReservedCodeCacheSize                    = 251658240                              {pd product} {ergonomic}
     bool SegmentedCodeCache                       = true                                      {product} {ergonomic}
     bool ShowCodeDetailsInExceptionMessages       = true                                   {manageable} {command line}
   size_t SoftMaxHeapSize                          = 1977614336                             {manageable} {ergonomic}
     bool UseCompressedClassPointers               = true                           {product lp64_product} {ergonomic}
     bool UseCompressedOops                        = true                           {product lp64_product} {ergonomic}
     bool UseG1GC                                  = true                                      {product} {ergonomic}
     bool UseLargePagesIndividualAllocation        = false                                  {pd product} {ergonomic}

Logging:
Log output configuration:
 #0: stdout all=warning uptime,level,tags
 #1: stderr all=off uptime,level,tags

Environment Variables:
JAVA_HOME=C:\Program Files\Java\jdk-20
PATH=C:/Program Files/Java/jdk-20/bin/server;C:/Program Files/Java/jdk-20/bin;C:\WINDOWS\system32;C:\WINDOWS;C:\WINDOWS\System32\Wbem;C:\WINDOWS\System32\WindowsPowerShell\v1.0\;C:\WINDOWS\System32\OpenSSH\;C:\Program Files\Git\cmd;C:\Program Files\Microsoft SQL Server\Client SDK\ODBC\170\Tools\Binn\;C:\Program Files (x86)\Microsoft SQL Server\150\Tools\Binn\;C:\Program Files\Microsoft SQL Server\150\Tools\Binn\;C:\Program Files\Microsoft SQL Server\150\DTS\Binn\;C:\Program Files (x86)\Microsoft SQL Server\150\DTS\Binn\;C:\Program Files\Azure Data Studio\bin;C:\Program Files\Java\jdk-20\bin;C:\Users\marely\AppData\Local\Microsoft\WindowsApps;C:\Users\marely\AppData\Local\Programs\Microsoft VS Code\bin;C:\Program Files\Azure Data Studio\bin;C:\Program Files\Java\jdk-20\bin;C:\ProgramData\marely\GitHubDesktop\bin;C:\WINDOWS\system32;
USERNAME=marely
OS=Windows_NT
PROCESSOR_IDENTIFIER=AMD64 Family 23 Model 96 Stepping 1, AuthenticAMD
TMP=C:\Users\marely\AppData\Local\Temp
TEMP=C:\Users\marely\AppData\Local\Temp



---------------  S Y S T E M  ---------------

OS:
 Windows 11 , 64 bit Build 22621 (10.0.22621.1835)
OS uptime: 2 days 2:52 hours
Hyper-V role detected

CPU: total 6 (initial active 6) (6 cores per cpu, 1 threads per core) family 23 model 96 stepping 1 microcode 0x0, cx8, cmov, fxsr, mmx, 3dnowpref, sse, sse2, sse3, ssse3, sse4a, sse4.1, sse4.2, popcnt, lzcnt, tsc, tscinvbit, avx, avx2, aes, clmul, bmi1, bmi2, adx, sha, fma, vzeroupper, clflush, clflushopt, hv

Memory: 4k page, system-wide physical 7542M (1810M free)
TotalPageFile size 31094M (AvailPageFile size 1289M)
current process WorkingSet (physical memory assigned to process): 28M, peak: 38M
current process commit charge ("private bytes"): 192M, peak: 193M

vm_info: OpenJDK 64-Bit Server VM (17.0.6+10) for windows-amd64 JRE (17.0.6+10), built on Jan 18 2023 10:08:59 by "temurin" with MS VC++ 16.7 (VS2019)

END.
